{"/home/runner/work/DocketChief/DocketChief/src/lib/aiService.ts": {"path":"/home/runner/work/DocketChief/DocketChief/src/lib/aiService.ts","statementMap":{"0":{"start":{"line":28,"column":52},"end":{"line":31,"column":null}},"1":{"start":{"line":33,"column":50},"end":{"line":36,"column":null}},"2":{"start":{"line":38,"column":34},"end":{"line":43,"column":null}},"3":{"start":{"line":45,"column":25},"end":{"line":120,"column":null}},"4":{"start":{"line":51,"column":4},"end":{"line":107,"column":null}},"5":{"start":{"line":52,"column":35},"end":{"line":57,"column":null}},"6":{"start":{"line":59,"column":26},"end":{"line":59,"column":null}},"7":{"start":{"line":61,"column":6},"end":{"line":66,"column":null}},"8":{"start":{"line":68,"column":6},"end":{"line":71,"column":null}},"9":{"start":{"line":73,"column":27},"end":{"line":73,"column":null}},"10":{"start":{"line":74,"column":32},"end":{"line":74,"column":null}},"11":{"start":{"line":76,"column":50},"end":{"line":76,"column":null}},"12":{"start":{"line":78,"column":8},"end":{"line":78,"column":null}},"13":{"start":{"line":80,"column":6},"end":{"line":88,"column":null}},"14":{"start":{"line":81,"column":8},"end":{"line":81,"column":null}},"15":{"start":{"line":82,"column":8},"end":{"line":83,"column":null}},"16":{"start":{"line":84,"column":13},"end":{"line":88,"column":null}},"17":{"start":{"line":85,"column":8},"end":{"line":85,"column":null}},"18":{"start":{"line":86,"column":8},"end":{"line":87,"column":null}},"19":{"start":{"line":90,"column":6},"end":{"line":98,"column":null}},"20":{"start":{"line":100,"column":6},"end":{"line":100,"column":null}},"21":{"start":{"line":102,"column":6},"end":{"line":106,"column":null}},"22":{"start":{"line":111,"column":4},"end":{"line":116,"column":null}},"23":{"start":{"line":112,"column":6},"end":{"line":115,"column":null}},"24":{"start":{"line":118,"column":4},"end":{"line":118,"column":null}},"25":{"start":{"line":123,"column":26},"end":{"line":123,"column":null}},"26":{"start":{"line":124,"column":2},"end":{"line":127,"column":null}},"27":{"start":{"line":125,"column":4},"end":{"line":125,"column":null}},"28":{"start":{"line":126,"column":4},"end":{"line":126,"column":null}},"29":{"start":{"line":128,"column":2},"end":{"line":128,"column":null}}},"fnMap":{"0":{"name":"(anonymous_0)","decl":{"start":{"line":46,"column":8},"end":{"line":46,"column":null}},"loc":{"start":{"line":49,"column":26},"end":{"line":108,"column":null}},"line":49},"1":{"name":"(anonymous_1)","decl":{"start":{"line":110,"column":2},"end":{"line":110,"column":null}},"loc":{"start":{"line":110,"column":2},"end":{"line":119,"column":null}},"line":110},"2":{"name":"legalAiChat","decl":{"start":{"line":122,"column":22},"end":{"line":122,"column":34}},"loc":{"start":{"line":122,"column":50},"end":{"line":129,"column":null}},"line":122}},"branchMap":{"0":{"loc":{"start":{"line":73,"column":27},"end":{"line":73,"column":null}},"type":"cond-expr","locations":[{"start":{"line":73,"column":50},"end":{"line":73,"column":61}},{"start":{"line":73,"column":64},"end":{"line":73,"column":null}}],"line":73},"1":{"loc":{"start":{"line":80,"column":6},"end":{"line":88,"column":null}},"type":"if","locations":[{"start":{"line":80,"column":6},"end":{"line":88,"column":null}},{"start":{"line":84,"column":13},"end":{"line":88,"column":null}}],"line":80},"2":{"loc":{"start":{"line":80,"column":10},"end":{"line":80,"column":89}},"type":"binary-expr","locations":[{"start":{"line":80,"column":10},"end":{"line":80,"column":54}},{"start":{"line":80,"column":54},"end":{"line":80,"column":89}}],"line":80},"3":{"loc":{"start":{"line":84,"column":13},"end":{"line":88,"column":null}},"type":"if","locations":[{"start":{"line":84,"column":13},"end":{"line":88,"column":null}},{"start":{},"end":{}}],"line":84},"4":{"loc":{"start":{"line":94,"column":10},"end":{"line":96,"column":null}},"type":"cond-expr","locations":[{"start":{"line":95,"column":14},"end":{"line":95,"column":null}},{"start":{"line":96,"column":14},"end":{"line":96,"column":null}}],"line":94},"5":{"loc":{"start":{"line":111,"column":4},"end":{"line":116,"column":null}},"type":"if","locations":[{"start":{"line":111,"column":4},"end":{"line":116,"column":null}},{"start":{},"end":{}}],"line":111},"6":{"loc":{"start":{"line":124,"column":2},"end":{"line":127,"column":null}},"type":"if","locations":[{"start":{"line":124,"column":2},"end":{"line":127,"column":null}},{"start":{},"end":{}}],"line":124},"7":{"loc":{"start":{"line":126,"column":20},"end":{"line":126,"column":null}},"type":"binary-expr","locations":[{"start":{"line":126,"column":20},"end":{"line":126,"column":33}},{"start":{"line":126,"column":37},"end":{"line":126,"column":null}}],"line":126}},"s":{"0":1,"1":1,"2":1,"3":1,"4":8,"5":8,"6":8,"7":4,"8":4,"9":4,"10":4,"11":4,"12":4,"13":4,"14":1,"15":1,"16":3,"17":1,"18":1,"19":4,"20":4,"21":4,"22":4,"23":0,"24":4,"25":11,"26":7,"27":2,"28":2,"29":5},"f":{"0":8,"1":4,"2":11},"b":{"0":[4,0],"1":[1,3],"2":[4,3],"3":[1,2],"4":[1,3],"5":[0,4],"6":[2,5],"7":[2,1]},"meta":{"lastBranch":8,"lastFunction":3,"lastStatement":30,"seen":{"s:28:52:31:Infinity":0,"s:33:50:36:Infinity":1,"s:38:34:43:Infinity":2,"s:45:25:120:Infinity":3,"f:46:8:46:Infinity":0,"s:51:4:107:Infinity":4,"s:52:35:57:Infinity":5,"s:59:26:59:Infinity":6,"s:61:6:66:Infinity":7,"s:68:6:71:Infinity":8,"s:73:27:73:Infinity":9,"b:73:50:73:61:73:64:73:Infinity":0,"s:74:32:74:Infinity":10,"s:76:50:76:Infinity":11,"s:78:8:78:Infinity":12,"b:80:6:88:Infinity:84:13:88:Infinity":1,"s:80:6:88:Infinity":13,"b:80:10:80:54:80:54:80:89":2,"s:81:8:81:Infinity":14,"s:82:8:83:Infinity":15,"b:84:13:88:Infinity:undefined:undefined:undefined:undefined":3,"s:84:13:88:Infinity":16,"s:85:8:85:Infinity":17,"s:86:8:87:Infinity":18,"s:90:6:98:Infinity":19,"b:95:14:95:Infinity:96:14:96:Infinity":4,"s:100:6:100:Infinity":20,"s:102:6:106:Infinity":21,"f:110:2:110:Infinity":1,"b:111:4:116:Infinity:undefined:undefined:undefined:undefined":5,"s:111:4:116:Infinity":22,"s:112:6:115:Infinity":23,"s:118:4:118:Infinity":24,"f:122:22:122:34":2,"s:123:26:123:Infinity":25,"b:124:2:127:Infinity:undefined:undefined:undefined:undefined":6,"s:124:2:127:Infinity":26,"s:125:4:125:Infinity":27,"s:126:4:126:Infinity":28,"b:126:20:126:33:126:37:126:Infinity":7,"s:128:2:128:Infinity":29}}}
,"/home/runner/work/DocketChief/DocketChief/src/lib/analyticsCalculations.ts": {"path":"/home/runner/work/DocketChief/DocketChief/src/lib/analyticsCalculations.ts","statementMap":{"0":{"start":{"line":3,"column":28},"end":{"line":12,"column":null}},"1":{"start":{"line":4,"column":2},"end":{"line":11,"column":null}},"2":{"start":{"line":5,"column":17},"end":{"line":5,"column":null}},"3":{"start":{"line":7,"column":21},"end":{"line":7,"column":null}},"4":{"start":{"line":9,"column":6},"end":{"line":9,"column":null}},"5":{"start":{"line":9,"column":35},"end":{"line":9,"column":null}},"6":{"start":{"line":10,"column":6},"end":{"line":10,"column":null}},"7":{"start":{"line":14,"column":34},"end":{"line":30,"column":null}},"8":{"start":{"line":15,"column":14},"end":{"line":15,"column":null}},"9":{"start":{"line":16,"column":20},"end":{"line":16,"column":null}},"10":{"start":{"line":17,"column":20},"end":{"line":17,"column":null}},"11":{"start":{"line":19,"column":26},"end":{"line":21,"column":10}},"12":{"start":{"line":20,"column":4},"end":{"line":20,"column":null}},"13":{"start":{"line":23,"column":29},"end":{"line":27,"column":10}},"14":{"start":{"line":24,"column":4},"end":{"line":26,"column":null}},"15":{"start":{"line":29,"column":2},"end":{"line":29,"column":null}},"16":{"start":{"line":32,"column":27},"end":{"line":52,"column":null}},"17":{"start":{"line":33,"column":73},"end":{"line":33,"column":null}},"18":{"start":{"line":35,"column":2},"end":{"line":45,"column":null}},"19":{"start":{"line":36,"column":17},"end":{"line":36,"column":null}},"20":{"start":{"line":38,"column":19},"end":{"line":38,"column":null}},"21":{"start":{"line":39,"column":6},"end":{"line":41,"column":null}},"22":{"start":{"line":40,"column":8},"end":{"line":40,"column":null}},"23":{"start":{"line":42,"column":6},"end":{"line":42,"column":null}},"24":{"start":{"line":43,"column":21},"end":{"line":43,"column":null}},"25":{"start":{"line":44,"column":6},"end":{"line":44,"column":null}},"26":{"start":{"line":47,"column":2},"end":{"line":51,"column":null}},"27":{"start":{"line":47,"column":59},"end":{"line":51,"column":null}},"28":{"start":{"line":54,"column":35},"end":{"line":86,"column":null}},"29":{"start":{"line":55,"column":91},"end":{"line":55,"column":null}},"30":{"start":{"line":56,"column":17},"end":{"line":56,"column":null}},"31":{"start":{"line":59,"column":14},"end":{"line":59,"column":null}},"32":{"start":{"line":60,"column":2},"end":{"line":64,"column":null}},"33":{"start":{"line":60,"column":15},"end":{"line":60,"column":18}},"34":{"start":{"line":61,"column":17},"end":{"line":61,"column":null}},"35":{"start":{"line":62,"column":21},"end":{"line":62,"column":44}},"36":{"start":{"line":63,"column":4},"end":{"line":63,"column":null}},"37":{"start":{"line":66,"column":2},"end":{"line":78,"column":null}},"38":{"start":{"line":67,"column":17},"end":{"line":67,"column":null}},"39":{"start":{"line":68,"column":21},"end":{"line":68,"column":44}},"40":{"start":{"line":69,"column":4},"end":{"line":77,"column":null}},"41":{"start":{"line":70,"column":21},"end":{"line":70,"column":null}},"42":{"start":{"line":71,"column":6},"end":{"line":76,"column":null}},"43":{"start":{"line":72,"column":8},"end":{"line":72,"column":null}},"44":{"start":{"line":73,"column":8},"end":{"line":73,"column":null}},"45":{"start":{"line":74,"column":13},"end":{"line":76,"column":null}},"46":{"start":{"line":75,"column":8},"end":{"line":75,"column":null}},"47":{"start":{"line":80,"column":2},"end":{"line":85,"column":null}},"48":{"start":{"line":80,"column":61},"end":{"line":85,"column":null}}},"fnMap":{"0":{"name":"(anonymous_0)","decl":{"start":{"line":3,"column":28},"end":{"line":3,"column":29}},"loc":{"start":{"line":3,"column":29},"end":{"line":12,"column":null}},"line":3},"1":{"name":"(anonymous_1)","decl":{"start":{"line":5,"column":12},"end":{"line":5,"column":17}},"loc":{"start":{"line":5,"column":17},"end":{"line":5,"column":null}},"line":5},"2":{"name":"(anonymous_2)","decl":{"start":{"line":6,"column":12},"end":{"line":6,"column":13}},"loc":{"start":{"line":6,"column":18},"end":{"line":11,"column":7}},"line":6},"3":{"name":"(anonymous_3)","decl":{"start":{"line":14,"column":34},"end":{"line":14,"column":35}},"loc":{"start":{"line":14,"column":57},"end":{"line":30,"column":null}},"line":14},"4":{"name":"(anonymous_4)","decl":{"start":{"line":19,"column":47},"end":{"line":19,"column":null}},"loc":{"start":{"line":20,"column":4},"end":{"line":20,"column":null}},"line":20},"5":{"name":"(anonymous_5)","decl":{"start":{"line":23,"column":50},"end":{"line":23,"column":null}},"loc":{"start":{"line":24,"column":4},"end":{"line":26,"column":null}},"line":24},"6":{"name":"(anonymous_6)","decl":{"start":{"line":32,"column":27},"end":{"line":32,"column":28}},"loc":{"start":{"line":32,"column":28},"end":{"line":52,"column":null}},"line":32},"7":{"name":"(anonymous_7)","decl":{"start":{"line":36,"column":12},"end":{"line":36,"column":17}},"loc":{"start":{"line":36,"column":17},"end":{"line":36,"column":null}},"line":36},"8":{"name":"(anonymous_8)","decl":{"start":{"line":37,"column":13},"end":{"line":37,"column":null}},"loc":{"start":{"line":37,"column":13},"end":{"line":45,"column":null}},"line":37},"9":{"name":"(anonymous_9)","decl":{"start":{"line":47,"column":40},"end":{"line":47,"column":41}},"loc":{"start":{"line":47,"column":59},"end":{"line":51,"column":null}},"line":47},"10":{"name":"(anonymous_10)","decl":{"start":{"line":54,"column":35},"end":{"line":54,"column":36}},"loc":{"start":{"line":54,"column":36},"end":{"line":86,"column":null}},"line":54},"11":{"name":"(anonymous_11)","decl":{"start":{"line":66,"column":19},"end":{"line":66,"column":null}},"loc":{"start":{"line":66,"column":19},"end":{"line":78,"column":null}},"line":66},"12":{"name":"(anonymous_12)","decl":{"start":{"line":80,"column":41},"end":{"line":80,"column":42}},"loc":{"start":{"line":80,"column":61},"end":{"line":85,"column":null}},"line":80}},"branchMap":{"0":{"loc":{"start":{"line":7,"column":21},"end":{"line":7,"column":null}},"type":"binary-expr","locations":[{"start":{"line":7,"column":21},"end":{"line":7,"column":31}},{"start":{"line":7,"column":35},"end":{"line":7,"column":null}}],"line":7},"1":{"loc":{"start":{"line":9,"column":6},"end":{"line":9,"column":null}},"type":"if","locations":[{"start":{"line":9,"column":6},"end":{"line":9,"column":null}},{"start":{},"end":{}}],"line":9},"2":{"loc":{"start":{"line":24,"column":4},"end":{"line":26,"column":null}},"type":"binary-expr","locations":[{"start":{"line":24,"column":4},"end":{"line":24,"column":null}},{"start":{"line":25,"column":4},"end":{"line":25,"column":18}},{"start":{"line":26,"column":4},"end":{"line":26,"column":null}}],"line":24},"3":{"loc":{"start":{"line":29,"column":9},"end":{"line":29,"column":null}},"type":"cond-expr","locations":[{"start":{"line":29,"column":31},"end":{"line":29,"column":78}},{"start":{"line":29,"column":78},"end":{"line":29,"column":null}}],"line":29},"4":{"loc":{"start":{"line":38,"column":19},"end":{"line":38,"column":null}},"type":"binary-expr","locations":[{"start":{"line":38,"column":19},"end":{"line":38,"column":32}},{"start":{"line":38,"column":36},"end":{"line":38,"column":null}}],"line":38},"5":{"loc":{"start":{"line":39,"column":6},"end":{"line":41,"column":null}},"type":"if","locations":[{"start":{"line":39,"column":6},"end":{"line":41,"column":null}},{"start":{},"end":{}}],"line":39},"6":{"loc":{"start":{"line":43,"column":21},"end":{"line":43,"column":null}},"type":"binary-expr","locations":[{"start":{"line":43,"column":21},"end":{"line":43,"column":31}},{"start":{"line":43,"column":35},"end":{"line":43,"column":null}}],"line":43},"7":{"loc":{"start":{"line":44,"column":34},"end":{"line":44,"column":null}},"type":"cond-expr","locations":[{"start":{"line":44,"column":60},"end":{"line":44,"column":74}},{"start":{"line":44,"column":74},"end":{"line":44,"column":null}}],"line":44},"8":{"loc":{"start":{"line":69,"column":4},"end":{"line":77,"column":null}},"type":"if","locations":[{"start":{"line":69,"column":4},"end":{"line":77,"column":null}},{"start":{},"end":{}}],"line":69},"9":{"loc":{"start":{"line":70,"column":21},"end":{"line":70,"column":null}},"type":"binary-expr","locations":[{"start":{"line":70,"column":21},"end":{"line":70,"column":35}},{"start":{"line":70,"column":39},"end":{"line":70,"column":null}}],"line":70},"10":{"loc":{"start":{"line":71,"column":6},"end":{"line":76,"column":null}},"type":"if","locations":[{"start":{"line":71,"column":6},"end":{"line":76,"column":null}},{"start":{"line":74,"column":13},"end":{"line":76,"column":null}}],"line":71},"11":{"loc":{"start":{"line":74,"column":13},"end":{"line":76,"column":null}},"type":"if","locations":[{"start":{"line":74,"column":13},"end":{"line":76,"column":null}},{"start":{},"end":{}}],"line":74}},"s":{"0":1,"1":5,"2":10,"3":7,"4":7,"5":1,"6":6,"7":1,"8":3,"9":3,"10":3,"11":3,"12":5,"13":3,"14":5,"15":3,"16":1,"17":4,"18":4,"19":7,"20":6,"21":6,"22":5,"23":6,"24":6,"25":6,"26":4,"27":5,"28":1,"29":4,"30":4,"31":4,"32":4,"33":4,"34":24,"35":24,"36":24,"37":4,"38":5,"39":5,"40":5,"41":5,"42":5,"43":4,"44":4,"45":1,"46":1,"47":4,"48":24},"f":{"0":5,"1":10,"2":7,"3":3,"4":5,"5":5,"6":4,"7":7,"8":6,"9":5,"10":4,"11":5,"12":24},"b":{"0":[7,1],"1":[1,6],"2":[5,1,1],"3":[2,1],"4":[6,1],"5":[5,1],"6":[6,0],"7":[1,5],"8":[5,0],"9":[5,0],"10":[4,1],"11":[1,0]},"meta":{"lastBranch":12,"lastFunction":13,"lastStatement":49,"seen":{"s:3:28:12:Infinity":0,"f:3:28:3:29":0,"s:4:2:11:Infinity":1,"f:5:12:5:17":1,"s:5:17:5:Infinity":2,"f:6:12:6:13":2,"s:7:21:7:Infinity":3,"b:7:21:7:31:7:35:7:Infinity":0,"b:9:6:9:Infinity:undefined:undefined:undefined:undefined":1,"s:9:6:9:Infinity":4,"s:9:35:9:Infinity":5,"s:10:6:10:Infinity":6,"s:14:34:30:Infinity":7,"f:14:34:14:35":3,"s:15:14:15:Infinity":8,"s:16:20:16:Infinity":9,"s:17:20:17:Infinity":10,"s:19:26:21:10":11,"f:19:47:19:Infinity":4,"s:20:4:20:Infinity":12,"s:23:29:27:10":13,"f:23:50:23:Infinity":5,"s:24:4:26:Infinity":14,"b:24:4:24:Infinity:25:4:25:18:26:4:26:Infinity":2,"s:29:2:29:Infinity":15,"b:29:31:29:78:29:78:29:Infinity":3,"s:32:27:52:Infinity":16,"f:32:27:32:28":6,"s:33:73:33:Infinity":17,"s:35:2:45:Infinity":18,"f:36:12:36:17":7,"s:36:17:36:Infinity":19,"f:37:13:37:Infinity":8,"s:38:19:38:Infinity":20,"b:38:19:38:32:38:36:38:Infinity":4,"b:39:6:41:Infinity:undefined:undefined:undefined:undefined":5,"s:39:6:41:Infinity":21,"s:40:8:40:Infinity":22,"s:42:6:42:Infinity":23,"s:43:21:43:Infinity":24,"b:43:21:43:31:43:35:43:Infinity":6,"s:44:6:44:Infinity":25,"b:44:60:44:74:44:74:44:Infinity":7,"s:47:2:51:Infinity":26,"f:47:40:47:41":9,"s:47:59:51:Infinity":27,"s:54:35:86:Infinity":28,"f:54:35:54:36":10,"s:55:91:55:Infinity":29,"s:56:17:56:Infinity":30,"s:59:14:59:Infinity":31,"s:60:2:64:Infinity":32,"s:60:15:60:18":33,"s:61:17:61:Infinity":34,"s:62:21:62:44":35,"s:63:4:63:Infinity":36,"s:66:2:78:Infinity":37,"f:66:19:66:Infinity":11,"s:67:17:67:Infinity":38,"s:68:21:68:44":39,"b:69:4:77:Infinity:undefined:undefined:undefined:undefined":8,"s:69:4:77:Infinity":40,"s:70:21:70:Infinity":41,"b:70:21:70:35:70:39:70:Infinity":9,"b:71:6:76:Infinity:74:13:76:Infinity":10,"s:71:6:76:Infinity":42,"s:72:8:72:Infinity":43,"s:73:8:73:Infinity":44,"b:74:13:76:Infinity:undefined:undefined:undefined:undefined":11,"s:74:13:76:Infinity":45,"s:75:8:75:Infinity":46,"s:80:2:85:Infinity":47,"f:80:41:80:42":12,"s:80:61:85:Infinity":48}}}
,"/home/runner/work/DocketChief/DocketChief/src/lib/clvCalculations.ts": {"path":"/home/runner/work/DocketChief/DocketChief/src/lib/clvCalculations.ts","statementMap":{"0":{"start":{"line":3,"column":35},"end":{"line":13,"column":null}},"1":{"start":{"line":4,"column":2},"end":{"line":4,"column":null}},"2":{"start":{"line":4,"column":34},"end":{"line":4,"column":null}},"3":{"start":{"line":6,"column":23},"end":{"line":8,"column":null}},"4":{"start":{"line":7,"column":17},"end":{"line":7,"column":null}},"5":{"start":{"line":8,"column":24},"end":{"line":8,"column":47}},"6":{"start":{"line":10,"column":26},"end":{"line":10,"column":73}},"7":{"start":{"line":10,"column":57},"end":{"line":10,"column":66}},"8":{"start":{"line":12,"column":2},"end":{"line":12,"column":null}},"9":{"start":{"line":15,"column":40},"end":{"line":28,"column":null}},"10":{"start":{"line":16,"column":24},"end":{"line":16,"column":null}},"11":{"start":{"line":16,"column":50},"end":{"line":16,"column":92}},"12":{"start":{"line":18,"column":2},"end":{"line":18,"column":null}},"13":{"start":{"line":18,"column":34},"end":{"line":18,"column":null}},"14":{"start":{"line":20,"column":22},"end":{"line":25,"column":null}},"15":{"start":{"line":21,"column":18},"end":{"line":21,"column":null}},"16":{"start":{"line":22,"column":16},"end":{"line":22,"column":null}},"17":{"start":{"line":23,"column":19},"end":{"line":23,"column":null}},"18":{"start":{"line":24,"column":4},"end":{"line":24,"column":null}},"19":{"start":{"line":27,"column":2},"end":{"line":27,"column":null}},"20":{"start":{"line":30,"column":34},"end":{"line":58,"column":null}},"21":{"start":{"line":31,"column":85},"end":{"line":31,"column":null}},"22":{"start":{"line":33,"column":2},"end":{"line":39,"column":null}},"23":{"start":{"line":34,"column":17},"end":{"line":34,"column":null}},"24":{"start":{"line":35,"column":4},"end":{"line":37,"column":null}},"25":{"start":{"line":36,"column":6},"end":{"line":36,"column":null}},"26":{"start":{"line":38,"column":4},"end":{"line":38,"column":null}},"27":{"start":{"line":41,"column":2},"end":{"line":51,"column":null}},"28":{"start":{"line":42,"column":17},"end":{"line":42,"column":null}},"29":{"start":{"line":44,"column":18},"end":{"line":44,"column":null}},"30":{"start":{"line":44,"column":42},"end":{"line":44,"column":94}},"31":{"start":{"line":45,"column":6},"end":{"line":50,"column":null}},"32":{"start":{"line":46,"column":21},"end":{"line":46,"column":null}},"33":{"start":{"line":47,"column":8},"end":{"line":49,"column":null}},"34":{"start":{"line":48,"column":10},"end":{"line":48,"column":null}},"35":{"start":{"line":53,"column":2},"end":{"line":57,"column":null}},"36":{"start":{"line":53,"column":57},"end":{"line":57,"column":null}},"37":{"start":{"line":60,"column":35},"end":{"line":85,"column":null}},"38":{"start":{"line":61,"column":102},"end":{"line":61,"column":null}},"39":{"start":{"line":62,"column":19},"end":{"line":62,"column":null}},"40":{"start":{"line":64,"column":2},"end":{"line":76,"column":null}},"41":{"start":{"line":65,"column":17},"end":{"line":65,"column":null}},"42":{"start":{"line":66,"column":20},"end":{"line":66,"column":61}},"43":{"start":{"line":67,"column":22},"end":{"line":67,"column":56}},"44":{"start":{"line":69,"column":4},"end":{"line":71,"column":null}},"45":{"start":{"line":70,"column":6},"end":{"line":70,"column":null}},"46":{"start":{"line":72,"column":4},"end":{"line":72,"column":null}},"47":{"start":{"line":73,"column":4},"end":{"line":75,"column":null}},"48":{"start":{"line":74,"column":6},"end":{"line":74,"column":null}},"49":{"start":{"line":78,"column":2},"end":{"line":84,"column":null}},"50":{"start":{"line":80,"column":30},"end":{"line":84,"column":null}}},"fnMap":{"0":{"name":"(anonymous_0)","decl":{"start":{"line":3,"column":35},"end":{"line":3,"column":36}},"loc":{"start":{"line":3,"column":58},"end":{"line":13,"column":null}},"line":3},"1":{"name":"(anonymous_1)","decl":{"start":{"line":7,"column":12},"end":{"line":7,"column":17}},"loc":{"start":{"line":7,"column":17},"end":{"line":7,"column":null}},"line":7},"2":{"name":"(anonymous_2)","decl":{"start":{"line":8,"column":12},"end":{"line":8,"column":13}},"loc":{"start":{"line":8,"column":24},"end":{"line":8,"column":47}},"line":8},"3":{"name":"(anonymous_3)","decl":{"start":{"line":10,"column":52},"end":{"line":10,"column":57}},"loc":{"start":{"line":10,"column":57},"end":{"line":10,"column":66}},"line":10},"4":{"name":"(anonymous_4)","decl":{"start":{"line":15,"column":40},"end":{"line":15,"column":41}},"loc":{"start":{"line":15,"column":41},"end":{"line":28,"column":null}},"line":15},"5":{"name":"(anonymous_5)","decl":{"start":{"line":16,"column":45},"end":{"line":16,"column":50}},"loc":{"start":{"line":16,"column":50},"end":{"line":16,"column":92}},"line":16},"6":{"name":"(anonymous_6)","decl":{"start":{"line":20,"column":43},"end":{"line":20,"column":44}},"loc":{"start":{"line":20,"column":49},"end":{"line":25,"column":5}},"line":20},"7":{"name":"(anonymous_7)","decl":{"start":{"line":30,"column":34},"end":{"line":30,"column":35}},"loc":{"start":{"line":30,"column":57},"end":{"line":58,"column":null}},"line":30},"8":{"name":"(anonymous_8)","decl":{"start":{"line":33,"column":24},"end":{"line":33,"column":null}},"loc":{"start":{"line":33,"column":24},"end":{"line":39,"column":null}},"line":33},"9":{"name":"(anonymous_9)","decl":{"start":{"line":42,"column":12},"end":{"line":42,"column":17}},"loc":{"start":{"line":42,"column":17},"end":{"line":42,"column":null}},"line":42},"10":{"name":"(anonymous_10)","decl":{"start":{"line":43,"column":13},"end":{"line":43,"column":null}},"loc":{"start":{"line":43,"column":13},"end":{"line":51,"column":null}},"line":43},"11":{"name":"(anonymous_11)","decl":{"start":{"line":44,"column":37},"end":{"line":44,"column":42}},"loc":{"start":{"line":44,"column":42},"end":{"line":44,"column":94}},"line":44},"12":{"name":"(anonymous_12)","decl":{"start":{"line":53,"column":38},"end":{"line":53,"column":39}},"loc":{"start":{"line":53,"column":57},"end":{"line":57,"column":null}},"line":53},"13":{"name":"(anonymous_13)","decl":{"start":{"line":60,"column":35},"end":{"line":60,"column":36}},"loc":{"start":{"line":60,"column":58},"end":{"line":85,"column":null}},"line":60},"14":{"name":"(anonymous_14)","decl":{"start":{"line":64,"column":24},"end":{"line":64,"column":null}},"loc":{"start":{"line":64,"column":24},"end":{"line":76,"column":null}},"line":64},"15":{"name":"(anonymous_15)","decl":{"start":{"line":80,"column":9},"end":{"line":80,"column":10}},"loc":{"start":{"line":80,"column":30},"end":{"line":84,"column":null}},"line":80}},"branchMap":{"0":{"loc":{"start":{"line":4,"column":2},"end":{"line":4,"column":null}},"type":"if","locations":[{"start":{"line":4,"column":2},"end":{"line":4,"column":null}},{"start":{},"end":{}}],"line":4},"1":{"loc":{"start":{"line":8,"column":31},"end":{"line":8,"column":47}},"type":"binary-expr","locations":[{"start":{"line":8,"column":31},"end":{"line":8,"column":39}},{"start":{"line":8,"column":43},"end":{"line":8,"column":47}}],"line":8},"2":{"loc":{"start":{"line":12,"column":9},"end":{"line":12,"column":null}},"type":"cond-expr","locations":[{"start":{"line":12,"column":31},"end":{"line":12,"column":76}},{"start":{"line":12,"column":76},"end":{"line":12,"column":null}}],"line":12},"3":{"loc":{"start":{"line":16,"column":50},"end":{"line":16,"column":92}},"type":"binary-expr","locations":[{"start":{"line":16,"column":50},"end":{"line":16,"column":78}},{"start":{"line":16,"column":78},"end":{"line":16,"column":92}}],"line":16},"4":{"loc":{"start":{"line":18,"column":2},"end":{"line":18,"column":null}},"type":"if","locations":[{"start":{"line":18,"column":2},"end":{"line":18,"column":null}},{"start":{},"end":{}}],"line":18},"5":{"loc":{"start":{"line":34,"column":17},"end":{"line":34,"column":null}},"type":"binary-expr","locations":[{"start":{"line":34,"column":17},"end":{"line":34,"column":30}},{"start":{"line":34,"column":34},"end":{"line":34,"column":null}}],"line":34},"6":{"loc":{"start":{"line":35,"column":4},"end":{"line":37,"column":null}},"type":"if","locations":[{"start":{"line":35,"column":4},"end":{"line":37,"column":null}},{"start":{},"end":{}}],"line":35},"7":{"loc":{"start":{"line":45,"column":6},"end":{"line":50,"column":null}},"type":"if","locations":[{"start":{"line":45,"column":6},"end":{"line":50,"column":null}},{"start":{},"end":{}}],"line":45},"8":{"loc":{"start":{"line":46,"column":21},"end":{"line":46,"column":null}},"type":"binary-expr","locations":[{"start":{"line":46,"column":21},"end":{"line":46,"column":34}},{"start":{"line":46,"column":38},"end":{"line":46,"column":null}}],"line":46},"9":{"loc":{"start":{"line":47,"column":8},"end":{"line":49,"column":null}},"type":"if","locations":[{"start":{"line":47,"column":8},"end":{"line":49,"column":null}},{"start":{},"end":{}}],"line":47},"10":{"loc":{"start":{"line":48,"column":41},"end":{"line":48,"column":null}},"type":"binary-expr","locations":[{"start":{"line":48,"column":41},"end":{"line":48,"column":55}},{"start":{"line":48,"column":59},"end":{"line":48,"column":null}}],"line":48},"11":{"loc":{"start":{"line":55,"column":9},"end":{"line":55,"column":null}},"type":"cond-expr","locations":[{"start":{"line":55,"column":35},"end":{"line":55,"column":89}},{"start":{"line":55,"column":89},"end":{"line":55,"column":null}}],"line":55},"12":{"loc":{"start":{"line":69,"column":4},"end":{"line":71,"column":null}},"type":"if","locations":[{"start":{"line":69,"column":4},"end":{"line":71,"column":null}},{"start":{},"end":{}}],"line":69},"13":{"loc":{"start":{"line":73,"column":4},"end":{"line":75,"column":null}},"type":"if","locations":[{"start":{"line":73,"column":4},"end":{"line":75,"column":null}},{"start":{},"end":{}}],"line":73},"14":{"loc":{"start":{"line":82,"column":11},"end":{"line":82,"column":null}},"type":"cond-expr","locations":[{"start":{"line":82,"column":37},"end":{"line":82,"column":86}},{"start":{"line":82,"column":86},"end":{"line":82,"column":null}}],"line":82},"15":{"loc":{"start":{"line":83,"column":17},"end":{"line":83,"column":null}},"type":"cond-expr","locations":[{"start":{"line":83,"column":43},"end":{"line":83,"column":106}},{"start":{"line":83,"column":106},"end":{"line":83,"column":null}}],"line":83}},"s":{"0":1,"1":5,"2":1,"3":4,"4":7,"5":6,"6":4,"7":7,"8":4,"9":1,"10":4,"11":6,"12":4,"13":1,"14":3,"15":4,"16":4,"17":4,"18":4,"19":3,"20":1,"21":4,"22":4,"23":6,"24":6,"25":5,"26":6,"27":4,"28":7,"29":6,"30":8,"31":6,"32":6,"33":6,"34":6,"35":4,"36":5,"37":1,"38":4,"39":4,"40":4,"41":10,"42":10,"43":10,"44":10,"45":9,"46":10,"47":10,"48":9,"49":4,"50":7},"f":{"0":5,"1":7,"2":6,"3":7,"4":4,"5":6,"6":4,"7":4,"8":6,"9":7,"10":6,"11":8,"12":5,"13":4,"14":10,"15":7},"b":{"0":[1,4],"1":[6,1],"2":[4,0],"3":[6,4],"4":[1,3],"5":[6,1],"6":[5,1],"7":[6,0],"8":[6,1],"9":[6,0],"10":[6,0],"11":[5,0],"12":[9,1],"13":[9,1],"14":[7,0],"15":[7,0]},"meta":{"lastBranch":16,"lastFunction":16,"lastStatement":51,"seen":{"s:3:35:13:Infinity":0,"f:3:35:3:36":0,"b:4:2:4:Infinity:undefined:undefined:undefined:undefined":0,"s:4:2:4:Infinity":1,"s:4:34:4:Infinity":2,"s:6:23:8:Infinity":3,"f:7:12:7:17":1,"s:7:17:7:Infinity":4,"f:8:12:8:13":2,"s:8:24:8:47":5,"b:8:31:8:39:8:43:8:47":1,"s:10:26:10:73":6,"f:10:52:10:57":3,"s:10:57:10:66":7,"s:12:2:12:Infinity":8,"b:12:31:12:76:12:76:12:Infinity":2,"s:15:40:28:Infinity":9,"f:15:40:15:41":4,"s:16:24:16:Infinity":10,"f:16:45:16:50":5,"s:16:50:16:92":11,"b:16:50:16:78:16:78:16:92":3,"b:18:2:18:Infinity:undefined:undefined:undefined:undefined":4,"s:18:2:18:Infinity":12,"s:18:34:18:Infinity":13,"s:20:22:25:Infinity":14,"f:20:43:20:44":6,"s:21:18:21:Infinity":15,"s:22:16:22:Infinity":16,"s:23:19:23:Infinity":17,"s:24:4:24:Infinity":18,"s:27:2:27:Infinity":19,"s:30:34:58:Infinity":20,"f:30:34:30:35":7,"s:31:85:31:Infinity":21,"s:33:2:39:Infinity":22,"f:33:24:33:Infinity":8,"s:34:17:34:Infinity":23,"b:34:17:34:30:34:34:34:Infinity":5,"b:35:4:37:Infinity:undefined:undefined:undefined:undefined":6,"s:35:4:37:Infinity":24,"s:36:6:36:Infinity":25,"s:38:4:38:Infinity":26,"s:41:2:51:Infinity":27,"f:42:12:42:17":9,"s:42:17:42:Infinity":28,"f:43:13:43:Infinity":10,"s:44:18:44:Infinity":29,"f:44:37:44:42":11,"s:44:42:44:94":30,"b:45:6:50:Infinity:undefined:undefined:undefined:undefined":7,"s:45:6:50:Infinity":31,"s:46:21:46:Infinity":32,"b:46:21:46:34:46:38:46:Infinity":8,"b:47:8:49:Infinity:undefined:undefined:undefined:undefined":9,"s:47:8:49:Infinity":33,"s:48:10:48:Infinity":34,"b:48:41:48:55:48:59:48:Infinity":10,"s:53:2:57:Infinity":35,"f:53:38:53:39":12,"s:53:57:57:Infinity":36,"b:55:35:55:89:55:89:55:Infinity":11,"s:60:35:85:Infinity":37,"f:60:35:60:36":13,"s:61:102:61:Infinity":38,"s:62:19:62:Infinity":39,"s:64:2:76:Infinity":40,"f:64:24:64:Infinity":14,"s:65:17:65:Infinity":41,"s:66:20:66:61":42,"s:67:22:67:56":43,"b:69:4:71:Infinity:undefined:undefined:undefined:undefined":12,"s:69:4:71:Infinity":44,"s:70:6:70:Infinity":45,"s:72:4:72:Infinity":46,"b:73:4:75:Infinity:undefined:undefined:undefined:undefined":13,"s:73:4:75:Infinity":47,"s:74:6:74:Infinity":48,"s:78:2:84:Infinity":49,"f:80:9:80:10":15,"s:80:30:84:Infinity":50,"b:82:37:82:86:82:86:82:Infinity":14,"b:83:43:83:106:83:106:83:Infinity":15}}}
,"/home/runner/work/DocketChief/DocketChief/src/lib/emailService.ts": {"path":"/home/runner/work/DocketChief/DocketChief/src/lib/emailService.ts","statementMap":{"0":{"start":{"line":17,"column":4},"end":{"line":19,"column":null}},"1":{"start":{"line":18,"column":6},"end":{"line":18,"column":null}},"2":{"start":{"line":20,"column":4},"end":{"line":20,"column":null}},"3":{"start":{"line":24,"column":4},"end":{"line":37,"column":null}},"4":{"start":{"line":26,"column":6},"end":{"line":26,"column":null}},"5":{"start":{"line":29,"column":6},"end":{"line":31,"column":null}},"6":{"start":{"line":30,"column":8},"end":{"line":30,"column":null}},"7":{"start":{"line":33,"column":6},"end":{"line":33,"column":null}},"8":{"start":{"line":35,"column":6},"end":{"line":35,"column":null}},"9":{"start":{"line":36,"column":6},"end":{"line":36,"column":null}},"10":{"start":{"line":41,"column":4},"end":{"line":43,"column":null}},"11":{"start":{"line":42,"column":6},"end":{"line":42,"column":null}},"12":{"start":{"line":45,"column":4},"end":{"line":45,"column":null}},"13":{"start":{"line":47,"column":4},"end":{"line":60,"column":null}},"14":{"start":{"line":48,"column":6},"end":{"line":55,"column":null}},"15":{"start":{"line":49,"column":22},"end":{"line":49,"column":null}},"16":{"start":{"line":50,"column":8},"end":{"line":54,"column":null}},"17":{"start":{"line":51,"column":10},"end":{"line":51,"column":null}},"18":{"start":{"line":53,"column":10},"end":{"line":53,"column":null}},"19":{"start":{"line":53,"column":39},"end":{"line":53,"column":null}},"20":{"start":{"line":57,"column":6},"end":{"line":57,"column":null}},"21":{"start":{"line":59,"column":6},"end":{"line":59,"column":null}},"22":{"start":{"line":64,"column":4},"end":{"line":83,"column":null}},"23":{"start":{"line":65,"column":30},"end":{"line":67,"column":null}},"24":{"start":{"line":69,"column":6},"end":{"line":71,"column":null}},"25":{"start":{"line":70,"column":8},"end":{"line":70,"column":null}},"26":{"start":{"line":73,"column":6},"end":{"line":75,"column":null}},"27":{"start":{"line":74,"column":8},"end":{"line":74,"column":null}},"28":{"start":{"line":77,"column":6},"end":{"line":77,"column":null}},"29":{"start":{"line":79,"column":6},"end":{"line":79,"column":null}},"30":{"start":{"line":82,"column":6},"end":{"line":82,"column":null}},"31":{"start":{"line":87,"column":4},"end":{"line":103,"column":null}},"32":{"start":{"line":88,"column":27},"end":{"line":88,"column":null}},"33":{"start":{"line":89,"column":6},"end":{"line":93,"column":null}},"34":{"start":{"line":96,"column":6},"end":{"line":98,"column":null}},"35":{"start":{"line":97,"column":8},"end":{"line":97,"column":null}},"36":{"start":{"line":100,"column":6},"end":{"line":100,"column":null}},"37":{"start":{"line":102,"column":6},"end":{"line":102,"column":null}},"38":{"start":{"line":107,"column":4},"end":{"line":111,"column":null}},"39":{"start":{"line":108,"column":6},"end":{"line":108,"column":null}},"40":{"start":{"line":110,"column":6},"end":{"line":110,"column":null}},"41":{"start":{"line":115,"column":4},"end":{"line":115,"column":null}},"42":{"start":{"line":119,"column":33},"end":{"line":129,"column":null}},"43":{"start":{"line":131,"column":4},"end":{"line":131,"column":null}},"44":{"start":{"line":13,"column":2},"end":{"line":13,"column":null}},"45":{"start":{"line":14,"column":2},"end":{"line":14,"column":null}},"46":{"start":{"line":12,"column":2},"end":{"line":12,"column":17}}},"fnMap":{"0":{"name":"(anonymous_0)","decl":{"start":{"line":16,"column":9},"end":{"line":16,"column":37}},"loc":{"start":{"line":16,"column":37},"end":{"line":21,"column":null}},"line":16},"1":{"name":"(anonymous_1)","decl":{"start":{"line":23,"column":8},"end":{"line":23,"column":18}},"loc":{"start":{"line":23,"column":58},"end":{"line":38,"column":null}},"line":23},"2":{"name":"(anonymous_2)","decl":{"start":{"line":40,"column":16},"end":{"line":40,"column":51}},"loc":{"start":{"line":40,"column":51},"end":{"line":61,"column":null}},"line":40},"3":{"name":"(anonymous_3)","decl":{"start":{"line":53,"column":28},"end":{"line":53,"column":39}},"loc":{"start":{"line":53,"column":39},"end":{"line":53,"column":null}},"line":53},"4":{"name":"(anonymous_4)","decl":{"start":{"line":63,"column":16},"end":{"line":63,"column":31}},"loc":{"start":{"line":63,"column":68},"end":{"line":84,"column":null}},"line":63},"5":{"name":"(anonymous_5)","decl":{"start":{"line":86,"column":10},"end":{"line":86,"column":27}},"loc":{"start":{"line":86,"column":67},"end":{"line":104,"column":null}},"line":86},"6":{"name":"(anonymous_6)","decl":{"start":{"line":106,"column":2},"end":{"line":106,"column":27}},"loc":{"start":{"line":106,"column":27},"end":{"line":112,"column":null}},"line":106},"7":{"name":"(anonymous_7)","decl":{"start":{"line":114,"column":2},"end":{"line":114,"column":28}},"loc":{"start":{"line":114,"column":28},"end":{"line":116,"column":null}},"line":114},"8":{"name":"(anonymous_8)","decl":{"start":{"line":118,"column":8},"end":{"line":118,"column":45}},"loc":{"start":{"line":118,"column":45},"end":{"line":132,"column":null}},"line":118}},"branchMap":{"0":{"loc":{"start":{"line":17,"column":4},"end":{"line":19,"column":null}},"type":"if","locations":[{"start":{"line":17,"column":4},"end":{"line":19,"column":null}},{"start":{},"end":{}}],"line":17},"1":{"loc":{"start":{"line":29,"column":6},"end":{"line":31,"column":null}},"type":"if","locations":[{"start":{"line":29,"column":6},"end":{"line":31,"column":null}},{"start":{},"end":{}}],"line":29},"2":{"loc":{"start":{"line":41,"column":4},"end":{"line":43,"column":null}},"type":"if","locations":[{"start":{"line":41,"column":4},"end":{"line":43,"column":null}},{"start":{},"end":{}}],"line":41},"3":{"loc":{"start":{"line":41,"column":8},"end":{"line":41,"column":59}},"type":"binary-expr","locations":[{"start":{"line":41,"column":8},"end":{"line":41,"column":25}},{"start":{"line":41,"column":29},"end":{"line":41,"column":59}}],"line":41},"4":{"loc":{"start":{"line":50,"column":8},"end":{"line":54,"column":null}},"type":"if","locations":[{"start":{"line":50,"column":8},"end":{"line":54,"column":null}},{"start":{},"end":{}}],"line":50},"5":{"loc":{"start":{"line":69,"column":6},"end":{"line":71,"column":null}},"type":"if","locations":[{"start":{"line":69,"column":6},"end":{"line":71,"column":null}},{"start":{},"end":{}}],"line":69},"6":{"loc":{"start":{"line":73,"column":6},"end":{"line":75,"column":null}},"type":"if","locations":[{"start":{"line":73,"column":6},"end":{"line":75,"column":null}},{"start":{},"end":{}}],"line":73},"7":{"loc":{"start":{"line":74,"column":24},"end":{"line":74,"column":null}},"type":"binary-expr","locations":[{"start":{"line":74,"column":24},"end":{"line":74,"column":39}},{"start":{"line":74,"column":39},"end":{"line":74,"column":null}}],"line":74},"8":{"loc":{"start":{"line":88,"column":38},"end":{"line":88,"column":null}},"type":"binary-expr","locations":[{"start":{"line":88,"column":38},"end":{"line":88,"column":78}},{"start":{"line":88,"column":78},"end":{"line":88,"column":null}}],"line":88},"9":{"loc":{"start":{"line":96,"column":6},"end":{"line":98,"column":null}},"type":"if","locations":[{"start":{"line":96,"column":6},"end":{"line":98,"column":null}},{"start":{},"end":{}}],"line":96},"10":{"loc":{"start":{"line":108,"column":24},"end":{"line":108,"column":null}},"type":"binary-expr","locations":[{"start":{"line":108,"column":24},"end":{"line":108,"column":64}},{"start":{"line":108,"column":64},"end":{"line":108,"column":null}}],"line":108}},"s":{"0":15,"1":13,"2":15,"3":7,"4":7,"5":7,"6":6,"7":7,"8":0,"9":0,"10":6,"11":0,"12":6,"13":6,"14":6,"15":6,"16":6,"17":6,"18":6,"19":6,"20":0,"21":0,"22":6,"23":6,"24":6,"25":0,"26":0,"27":0,"28":0,"29":6,"30":6,"31":6,"32":6,"33":6,"34":6,"35":0,"36":6,"37":0,"38":5,"39":5,"40":1,"41":1,"42":1,"43":1,"44":13,"45":13,"46":1},"f":{"0":1,"1":7,"2":6,"3":6,"4":6,"5":6,"6":5,"7":1,"8":1},"b":{"0":[13,2],"1":[6,1],"2":[0,6],"3":[6,6],"4":[6,0],"5":[0,6],"6":[0,0],"7":[0,0],"8":[6,6],"9":[0,6],"10":[5,2]},"meta":{"lastBranch":11,"lastFunction":9,"lastStatement":47,"seen":{"f:16:9:16:37":0,"b:17:4:19:Infinity:undefined:undefined:undefined:undefined":0,"s:17:4:19:Infinity":0,"s:18:6:18:Infinity":1,"s:20:4:20:Infinity":2,"f:23:8:23:18":1,"s:24:4:37:Infinity":3,"s:26:6:26:Infinity":4,"b:29:6:31:Infinity:undefined:undefined:undefined:undefined":1,"s:29:6:31:Infinity":5,"s:30:8:30:Infinity":6,"s:33:6:33:Infinity":7,"s:35:6:35:Infinity":8,"s:36:6:36:Infinity":9,"f:40:16:40:51":2,"b:41:4:43:Infinity:undefined:undefined:undefined:undefined":2,"s:41:4:43:Infinity":10,"b:41:8:41:25:41:29:41:59":3,"s:42:6:42:Infinity":11,"s:45:4:45:Infinity":12,"s:47:4:60:Infinity":13,"s:48:6:55:Infinity":14,"s:49:22:49:Infinity":15,"b:50:8:54:Infinity:undefined:undefined:undefined:undefined":4,"s:50:8:54:Infinity":16,"s:51:10:51:Infinity":17,"s:53:10:53:Infinity":18,"f:53:28:53:39":3,"s:53:39:53:Infinity":19,"s:57:6:57:Infinity":20,"s:59:6:59:Infinity":21,"f:63:16:63:31":4,"s:64:4:83:Infinity":22,"s:65:30:67:Infinity":23,"b:69:6:71:Infinity:undefined:undefined:undefined:undefined":5,"s:69:6:71:Infinity":24,"s:70:8:70:Infinity":25,"b:73:6:75:Infinity:undefined:undefined:undefined:undefined":6,"s:73:6:75:Infinity":26,"s:74:8:74:Infinity":27,"b:74:24:74:39:74:39:74:Infinity":7,"s:77:6:77:Infinity":28,"s:79:6:79:Infinity":29,"s:82:6:82:Infinity":30,"f:86:10:86:27":5,"s:87:4:103:Infinity":31,"s:88:27:88:Infinity":32,"b:88:38:88:78:88:78:88:Infinity":8,"s:89:6:93:Infinity":33,"b:96:6:98:Infinity:undefined:undefined:undefined:undefined":9,"s:96:6:98:Infinity":34,"s:97:8:97:Infinity":35,"s:100:6:100:Infinity":36,"s:102:6:102:Infinity":37,"f:106:2:106:27":6,"s:107:4:111:Infinity":38,"s:108:6:108:Infinity":39,"b:108:24:108:64:108:64:108:Infinity":10,"s:110:6:110:Infinity":40,"f:114:2:114:28":7,"s:115:4:115:Infinity":41,"f:118:8:118:45":8,"s:119:33:129:Infinity":42,"s:131:4:131:Infinity":43,"s:13:2:13:Infinity":44,"s:14:2:14:Infinity":45,"s:12:2:12:17":46}}}
,"/home/runner/work/DocketChief/DocketChief/src/lib/stripeService.ts": {"path":"/home/runner/work/DocketChief/DocketChief/src/lib/stripeService.ts","statementMap":{"0":{"start":{"line":3,"column":25},"end":{"line":3,"column":null}},"1":{"start":{"line":12,"column":2},"end":{"line":14,"column":null}},"2":{"start":{"line":13,"column":4},"end":{"line":13,"column":null}},"3":{"start":{"line":15,"column":26},"end":{"line":17,"column":null}},"4":{"start":{"line":18,"column":2},"end":{"line":18,"column":null}},"5":{"start":{"line":18,"column":13},"end":{"line":18,"column":null}},"6":{"start":{"line":19,"column":2},"end":{"line":19,"column":null}}},"fnMap":{"0":{"name":"createPaymentIntent","decl":{"start":{"line":11,"column":22},"end":{"line":11,"column":42}},"loc":{"start":{"line":11,"column":67},"end":{"line":20,"column":null}},"line":11}},"branchMap":{"0":{"loc":{"start":{"line":3,"column":26},"end":{"line":3,"column":73}},"type":"binary-expr","locations":[{"start":{"line":3,"column":26},"end":{"line":3,"column":63}},{"start":{"line":3,"column":67},"end":{"line":3,"column":73}}],"line":3},"1":{"loc":{"start":{"line":12,"column":2},"end":{"line":14,"column":null}},"type":"if","locations":[{"start":{"line":12,"column":2},"end":{"line":14,"column":null}},{"start":{},"end":{}}],"line":12},"2":{"loc":{"start":{"line":18,"column":2},"end":{"line":18,"column":null}},"type":"if","locations":[{"start":{"line":18,"column":2},"end":{"line":18,"column":null}},{"start":{},"end":{}}],"line":18},"3":{"loc":{"start":{"line":18,"column":29},"end":{"line":18,"column":null}},"type":"binary-expr","locations":[{"start":{"line":18,"column":29},"end":{"line":18,"column":42}},{"start":{"line":18,"column":46},"end":{"line":18,"column":null}}],"line":18}},"s":{"0":4,"1":4,"2":1,"3":3,"4":3,"5":1,"6":2},"f":{"0":4},"b":{"0":[4,0],"1":[1,3],"2":[1,2],"3":[1,0]},"meta":{"lastBranch":4,"lastFunction":1,"lastStatement":7,"seen":{"s:3:25:3:Infinity":0,"b:3:26:3:63:3:67:3:73":0,"f:11:22:11:42":0,"b:12:2:14:Infinity:undefined:undefined:undefined:undefined":1,"s:12:2:14:Infinity":1,"s:13:4:13:Infinity":2,"s:15:26:17:Infinity":3,"b:18:2:18:Infinity:undefined:undefined:undefined:undefined":2,"s:18:2:18:Infinity":4,"s:18:13:18:Infinity":5,"b:18:29:18:42:18:46:18:Infinity":3,"s:19:2:19:Infinity":6}}}
,"/home/runner/work/DocketChief/DocketChief/src/lib/supabase.ts": {"path":"/home/runner/work/DocketChief/DocketChief/src/lib/supabase.ts","statementMap":{"0":{"start":{"line":3,"column":12},"end":{"line":3,"column":null}},"1":{"start":{"line":4,"column":13},"end":{"line":4,"column":null}},"2":{"start":{"line":6,"column":0},"end":{"line":8,"column":null}},"3":{"start":{"line":7,"column":2},"end":{"line":7,"column":null}},"4":{"start":{"line":10,"column":13},"end":{"line":10,"column":null}}},"fnMap":{},"branchMap":{"0":{"loc":{"start":{"line":6,"column":0},"end":{"line":8,"column":null}},"type":"if","locations":[{"start":{"line":6,"column":0},"end":{"line":8,"column":null}},{"start":{},"end":{}}],"line":6},"1":{"loc":{"start":{"line":6,"column":4},"end":{"line":6,"column":19}},"type":"binary-expr","locations":[{"start":{"line":6,"column":4},"end":{"line":6,"column":12}},{"start":{"line":6,"column":12},"end":{"line":6,"column":19}}],"line":6}},"s":{"0":3,"1":3,"2":3,"3":1,"4":3},"f":{},"b":{"0":[1,2],"1":[3,2]},"meta":{"lastBranch":2,"lastFunction":0,"lastStatement":5,"seen":{"s:3:12:3:Infinity":0,"s:4:13:4:Infinity":1,"b:6:0:8:Infinity:undefined:undefined:undefined:undefined":0,"s:6:0:8:Infinity":2,"b:6:4:6:12:6:12:6:19":1,"s:7:2:7:Infinity":3,"s:10:13:10:Infinity":4}}}
,"/home/runner/work/DocketChief/DocketChief/src/lib/utils.ts": {"path":"/home/runner/work/DocketChief/DocketChief/src/lib/utils.ts","statementMap":{"0":{"start":{"line":5,"column":2},"end":{"line":5,"column":null}}},"fnMap":{"0":{"name":"cn","decl":{"start":{"line":4,"column":16},"end":{"line":4,"column":19}},"loc":{"start":{"line":4,"column":42},"end":{"line":6,"column":null}},"line":4}},"branchMap":{},"s":{"0":7},"f":{"0":7},"b":{},"meta":{"lastBranch":0,"lastFunction":1,"lastStatement":1,"seen":{"f:4:16:4:19":0,"s:5:2:5:Infinity":0}}}
}
